[ 2015-05-31T15:11:18+08:00 ] 127.0.0.1 /favicon.ico
INFO: [ app_init ] --START--
INFO: Run Behavior\BuildLiteBehavior [ RunTime:0.000000s ]
INFO: [ app_init ] --END-- [ RunTime:0.000000s ]
ERR: 无法加载模块:Favicon

[ 2015-05-31T15:47:30+08:00 ] 192.168.1.102 /favicon.ico
INFO: [ app_init ] --START--
INFO: Run Behavior\BuildLiteBehavior [ RunTime:0.001001s ]
INFO: [ app_init ] --END-- [ RunTime:0.001001s ]
ERR: 无法加载模块:Favicon

[ 2015-05-31T19:54:24+08:00 ] 192.168.1.102 /Public/TyRyBottleInChina/bottle/Wx/sc/rw/6.png
INFO: [ app_init ] --START--
INFO: Run Behavior\BuildLiteBehavior [ RunTime:0.000000s ]
INFO: [ app_init ] --END-- [ RunTime:0.000000s ]
ERR: 无法加载模块:Public

[ 2015-05-31T19:54:48+08:00 ] 127.0.0.1 /Public/TyRyBottleInChina/bottle/Wx/sc/rw/6.png
INFO: [ app_init ] --START--
INFO: Run Behavior\BuildLiteBehavior [ RunTime:0.000000s ]
INFO: [ app_init ] --END-- [ RunTime:0.000000s ]
ERR: 无法加载模块:Public

[ 2015-05-31T22:08:55+08:00 ] 127.0.0.1 /Public/TyRyBottleInChina/create/2015-05-25/center/45592d3466ce17f6787c2b25116940686_center.png
INFO: [ app_init ] --START--
INFO: Run Behavior\BuildLiteBehavior [ RunTime:0.000000s ]
INFO: [ app_init ] --END-- [ RunTime:0.000000s ]
ERR: 无法加载模块:Public

[ 2015-05-31T22:08:56+08:00 ] 127.0.0.1 /Public/TyRyBottleInChina/create/2015-05-25/center/49882f45a6354a0a398a175d0cdefa722_center.png
INFO: [ app_init ] --START--
INFO: Run Behavior\BuildLiteBehavior [ RunTime:0.000000s ]
INFO: [ app_init ] --END-- [ RunTime:0.000000s ]
ERR: 无法加载模块:Public

[ 2015-05-31T22:08:56+08:00 ] 127.0.0.1 /Public/TyRyBottleInChina/create/2015-05-25/center/4f963a4dc4e14ee203baf7d2fba48a162_center.png
INFO: [ app_init ] --START--
INFO: Run Behavior\BuildLiteBehavior [ RunTime:0.000000s ]
INFO: [ app_init ] --END-- [ RunTime:0.000000s ]
ERR: 无法加载模块:Public

[ 2015-05-31T22:08:56+08:00 ] 127.0.0.1 /Public/TyRyBottleInChina/create/2015-05-25/center/4938171f95b59dc32d156387f29a43072_center.jpeg
INFO: [ app_init ] --START--
INFO: Run Behavior\BuildLiteBehavior [ RunTime:0.000000s ]
INFO: [ app_init ] --END-- [ RunTime:0.000000s ]
ERR: 无法加载模块:Public

[ 2015-05-31T22:08:56+08:00 ] 127.0.0.1 /Public/TyRyBottleInChina/create/2015-05-25/center/40ff0796c3a7c37e744e37ebbd00f6937_Lomo_center.png
INFO: [ app_init ] --START--
INFO: Run Behavior\BuildLiteBehavior [ RunTime:0.000000s ]
INFO: [ app_init ] --END-- [ RunTime:0.000000s ]
ERR: 无法加载模块:Public

[ 2015-05-31T22:08:56+08:00 ] 127.0.0.1 /Public/TyRyBottleInChina/create/2015-05-25/center/461023e84f256596e96ea7310e24e64fe_Nashville_center.png
INFO: [ app_init ] --START--
INFO: Run Behavior\BuildLiteBehavior [ RunTime:0.000000s ]
INFO: [ app_init ] --END-- [ RunTime:0.000000s ]
ERR: 无法加载模块:Public

[ 2015-05-31T23:37:28+08:00 ] 127.0.0.1 /Public/TyRyBottleInChina/create/2015-05-25/center/45592d3466ce17f6787c2b25116940686_center.png
INFO: [ app_init ] --START--
INFO: Run Behavior\BuildLiteBehavior [ RunTime:0.000000s ]
INFO: [ app_init ] --END-- [ RunTime:0.000000s ]
ERR: 无法加载模块:Public

[ 2015-05-31T23:37:29+08:00 ] 127.0.0.1 /Public/TyRyBottleInChina/create/2015-05-25/center/49882f45a6354a0a398a175d0cdefa722_center.png
INFO: [ app_init ] --START--
INFO: Run Behavior\BuildLiteBehavior [ RunTime:0.000000s ]
INFO: [ app_init ] --END-- [ RunTime:0.001000s ]
ERR: 无法加载模块:Public

[ 2015-05-31T23:37:29+08:00 ] 127.0.0.1 /Public/TyRyBottleInChina/create/2015-05-25/center/4f963a4dc4e14ee203baf7d2fba48a162_center.png
INFO: [ app_init ] --START--
INFO: Run Behavior\BuildLiteBehavior [ RunTime:0.000000s ]
INFO: [ app_init ] --END-- [ RunTime:0.000000s ]
ERR: 无法加载模块:Public

[ 2015-05-31T23:37:29+08:00 ] 127.0.0.1 /Public/TyRyBottleInChina/create/2015-05-25/center/461023e84f256596e96ea7310e24e64fe_Nashville_center.png
INFO: [ app_init ] --START--
INFO: Run Behavior\BuildLiteBehavior [ RunTime:0.000000s ]
INFO: [ app_init ] --END-- [ RunTime:0.000000s ]
ERR: 无法加载模块:Public

[ 2015-05-31T23:37:29+08:00 ] 127.0.0.1 /Public/TyRyBottleInChina/create/2015-05-25/center/40ff0796c3a7c37e744e37ebbd00f6937_Lomo_center.png
INFO: [ app_init ] --START--
INFO: Run Behavior\BuildLiteBehavior [ RunTime:0.000000s ]
INFO: [ app_init ] --END-- [ RunTime:0.000000s ]
ERR: 无法加载模块:Public

[ 2015-05-31T23:37:29+08:00 ] 127.0.0.1 /Public/TyRyBottleInChina/create/2015-05-25/center/4938171f95b59dc32d156387f29a43072_center.jpeg
INFO: [ app_init ] --START--
INFO: Run Behavior\BuildLiteBehavior [ RunTime:0.000000s ]
INFO: [ app_init ] --END-- [ RunTime:0.000000s ]
ERR: 无法加载模块:Public

[ 2015-05-31T23:37:29+08:00 ] 127.0.0.1 /Public/TyRyBottleInChina/create/2015-05-25/center/49882f45a6354a0a398a175d0cdefa722_center.png
INFO: [ app_init ] --START--
INFO: Run Behavior\BuildLiteBehavior [ RunTime:0.000000s ]
INFO: [ app_init ] --END-- [ RunTime:0.000000s ]
ERR: 无法加载模块:Public

[ 2015-05-31T23:37:29+08:00 ] 127.0.0.1 /Public/TyRyBottleInChina/create/2015-05-25/center/45592d3466ce17f6787c2b25116940686_center.png
INFO: [ app_init ] --START--
INFO: Run Behavior\BuildLiteBehavior [ RunTime:0.000000s ]
INFO: [ app_init ] --END-- [ RunTime:0.000000s ]
ERR: 无法加载模块:Public

[ 2015-05-31T23:37:29+08:00 ] 127.0.0.1 /Public/TyRyBottleInChina/create/2015-05-25/center/4f963a4dc4e14ee203baf7d2fba48a162_center.png
INFO: [ app_init ] --START--
INFO: Run Behavior\BuildLiteBehavior [ RunTime:0.000000s ]
INFO: [ app_init ] --END-- [ RunTime:0.000000s ]
ERR: 无法加载模块:Public

