[ 2015-06-02T07:30:41+08:00 ] 127.0.0.1 /TyRyBottleInChina/Wx/uploadpic
INFO: [ app_init ] --START--
INFO: Run Behavior\BuildLiteBehavior [ RunTime:0.000000s ]
INFO: [ app_init ] --END-- [ RunTime:0.025001s ]
INFO: [ app_begin ] --START--
INFO: Run Behavior\ReadHtmlCacheBehavior [ RunTime:0.012001s ]
INFO: [ app_begin ] --END-- [ RunTime:0.012001s ]
INFO: [ view_parse ] --START--
INFO: [ template_filter ] --START--
INFO: Run Behavior\ContentReplaceBehavior [ RunTime:0.000000s ]
INFO: [ template_filter ] --END-- [ RunTime:0.000000s ]
INFO: Run Behavior\ParseTemplateBehavior [ RunTime:0.484027s ]
INFO: [ view_parse ] --END-- [ RunTime:0.484027s ]
INFO: [ view_filter ] --START--
INFO: Run Behavior\WriteHtmlCacheBehavior [ RunTime:0.032002s ]
INFO: [ view_filter ] --END-- [ RunTime:0.032002s ]
INFO: [ app_end ] --START--
INFO: Run Behavior\ShowPageTraceBehavior [ RunTime:0.074004s ]
INFO: [ app_end ] --END-- [ RunTime:0.074004s ]

[ 2015-06-02T07:35:13+08:00 ] 127.0.0.1 /TyRyBottleInChina/Wx/uploadpic
INFO: [ app_init ] --START--
INFO: Run Behavior\BuildLiteBehavior [ RunTime:0.000000s ]
INFO: [ app_init ] --END-- [ RunTime:0.000000s ]
INFO: [ app_begin ] --START--
INFO: Run Behavior\ReadHtmlCacheBehavior [ RunTime:0.002001s ]
INFO: [ app_begin ] --END-- [ RunTime:0.003001s ]
INFO: [ view_parse ] --START--
INFO: [ template_filter ] --START--
INFO: Run Behavior\ContentReplaceBehavior [ RunTime:0.001000s ]
INFO: [ template_filter ] --END-- [ RunTime:0.001000s ]
INFO: Run Behavior\ParseTemplateBehavior [ RunTime:0.040003s ]
INFO: [ view_parse ] --END-- [ RunTime:0.040003s ]
INFO: [ view_filter ] --START--
INFO: Run Behavior\WriteHtmlCacheBehavior [ RunTime:0.001000s ]
INFO: [ view_filter ] --END-- [ RunTime:0.002000s ]
INFO: [ app_end ] --START--
INFO: Run Behavior\ShowPageTraceBehavior [ RunTime:0.002000s ]
INFO: [ app_end ] --END-- [ RunTime:0.002000s ]

[ 2015-06-02T07:38:45+08:00 ] 127.0.0.1 /TyRyBottleInChina/Wx/uploadpic
INFO: [ app_init ] --START--
INFO: Run Behavior\BuildLiteBehavior [ RunTime:0.000000s ]
INFO: [ app_init ] --END-- [ RunTime:0.000000s ]
INFO: [ app_begin ] --START--
INFO: Run Behavior\ReadHtmlCacheBehavior [ RunTime:0.012000s ]
INFO: [ app_begin ] --END-- [ RunTime:0.012000s ]
INFO: [ view_parse ] --START--
INFO: [ template_filter ] --START--
INFO: Run Behavior\ContentReplaceBehavior [ RunTime:0.000000s ]
INFO: [ template_filter ] --END-- [ RunTime:0.000000s ]
INFO: Run Behavior\ParseTemplateBehavior [ RunTime:0.044002s ]
INFO: [ view_parse ] --END-- [ RunTime:0.044002s ]
INFO: [ view_filter ] --START--
INFO: Run Behavior\WriteHtmlCacheBehavior [ RunTime:0.002000s ]
INFO: [ view_filter ] --END-- [ RunTime:0.002000s ]
INFO: [ app_end ] --START--
INFO: Run Behavior\ShowPageTraceBehavior [ RunTime:0.002000s ]
INFO: [ app_end ] --END-- [ RunTime:0.002000s ]

[ 2015-06-02T07:43:43+08:00 ] 127.0.0.1 /TyRyBottleInChina/Wx/uploadpic
INFO: [ app_init ] --START--
INFO: Run Behavior\BuildLiteBehavior [ RunTime:0.000000s ]
INFO: [ app_init ] --END-- [ RunTime:0.000000s ]
INFO: [ app_begin ] --START--
INFO: Run Behavior\ReadHtmlCacheBehavior [ RunTime:0.002000s ]
INFO: [ app_begin ] --END-- [ RunTime:0.003000s ]
INFO: [ view_parse ] --START--
INFO: [ template_filter ] --START--
INFO: Run Behavior\ContentReplaceBehavior [ RunTime:0.000000s ]
INFO: [ template_filter ] --END-- [ RunTime:0.001000s ]
INFO: Run Behavior\ParseTemplateBehavior [ RunTime:0.027002s ]
INFO: [ view_parse ] --END-- [ RunTime:0.027002s ]
INFO: [ view_filter ] --START--
INFO: Run Behavior\WriteHtmlCacheBehavior [ RunTime:0.002000s ]
INFO: [ view_filter ] --END-- [ RunTime:0.002000s ]
INFO: [ app_end ] --START--
INFO: Run Behavior\ShowPageTraceBehavior [ RunTime:0.002000s ]
INFO: [ app_end ] --END-- [ RunTime:0.003000s ]

[ 2015-06-02T07:45:31+08:00 ] 127.0.0.1 /TyRyBottleInChina/Wx/uploadpic
INFO: [ app_init ] --START--
INFO: Run Behavior\BuildLiteBehavior [ RunTime:0.000000s ]
INFO: [ app_init ] --END-- [ RunTime:0.000000s ]
INFO: [ app_begin ] --START--
INFO: Run Behavior\ReadHtmlCacheBehavior [ RunTime:0.002001s ]
INFO: [ app_begin ] --END-- [ RunTime:0.003001s ]
INFO: [ view_parse ] --START--
INFO: [ template_filter ] --START--
INFO: Run Behavior\ContentReplaceBehavior [ RunTime:0.000000s ]
INFO: [ template_filter ] --END-- [ RunTime:0.000000s ]
INFO: Run Behavior\ParseTemplateBehavior [ RunTime:0.035002s ]
INFO: [ view_parse ] --END-- [ RunTime:0.035002s ]
INFO: [ view_filter ] --START--
INFO: Run Behavior\WriteHtmlCacheBehavior [ RunTime:0.002000s ]
INFO: [ view_filter ] --END-- [ RunTime:0.002000s ]
INFO: [ app_end ] --START--
INFO: Run Behavior\ShowPageTraceBehavior [ RunTime:0.003001s ]
INFO: [ app_end ] --END-- [ RunTime:0.003001s ]

[ 2015-06-02T07:46:07+08:00 ] 127.0.0.1 /TyRyBottleInChina/Wx/uploadpic
INFO: [ app_init ] --START--
INFO: Run Behavior\BuildLiteBehavior [ RunTime:0.000000s ]
INFO: [ app_init ] --END-- [ RunTime:0.000000s ]
INFO: [ app_begin ] --START--
INFO: Run Behavior\ReadHtmlCacheBehavior [ RunTime:0.021001s ]
INFO: [ app_begin ] --END-- [ RunTime:0.021001s ]
INFO: [ view_parse ] --START--
INFO: [ template_filter ] --START--
INFO: Run Behavior\ContentReplaceBehavior [ RunTime:0.000000s ]
INFO: [ template_filter ] --END-- [ RunTime:0.000000s ]
INFO: Run Behavior\ParseTemplateBehavior [ RunTime:0.045003s ]
INFO: [ view_parse ] --END-- [ RunTime:0.045003s ]
INFO: [ view_filter ] --START--
INFO: Run Behavior\WriteHtmlCacheBehavior [ RunTime:0.002000s ]
INFO: [ view_filter ] --END-- [ RunTime:0.002000s ]
INFO: [ app_end ] --START--
INFO: Run Behavior\ShowPageTraceBehavior [ RunTime:0.003000s ]
INFO: [ app_end ] --END-- [ RunTime:0.003000s ]

[ 2015-06-02T07:46:29+08:00 ] 127.0.0.1 /TyRyBottleInChina/Wx/uploadpic
INFO: [ app_init ] --START--
INFO: Run Behavior\BuildLiteBehavior [ RunTime:0.000000s ]
INFO: [ app_init ] --END-- [ RunTime:0.000000s ]
INFO: [ app_begin ] --START--
INFO: Run Behavior\ReadHtmlCacheBehavior [ RunTime:0.002000s ]
INFO: [ app_begin ] --END-- [ RunTime:0.002000s ]
INFO: [ view_parse ] --START--
INFO: [ template_filter ] --START--
INFO: Run Behavior\ContentReplaceBehavior [ RunTime:0.001000s ]
INFO: [ template_filter ] --END-- [ RunTime:0.001000s ]
INFO: Run Behavior\ParseTemplateBehavior [ RunTime:0.035002s ]
INFO: [ view_parse ] --END-- [ RunTime:0.035002s ]
INFO: [ view_filter ] --START--
INFO: Run Behavior\WriteHtmlCacheBehavior [ RunTime:0.001000s ]
INFO: [ view_filter ] --END-- [ RunTime:0.004000s ]
INFO: [ app_end ] --START--
INFO: Run Behavior\ShowPageTraceBehavior [ RunTime:0.003000s ]
INFO: [ app_end ] --END-- [ RunTime:0.004000s ]

[ 2015-06-02T07:48:11+08:00 ] 127.0.0.1 /TyRyBottleInChina/WxInterfaceImage/preview
INFO: [ app_init ] --START--
INFO: Run Behavior\BuildLiteBehavior [ RunTime:0.000000s ]
INFO: [ app_init ] --END-- [ RunTime:0.000000s ]
INFO: [ app_begin ] --START--
INFO: Run Behavior\ReadHtmlCacheBehavior [ RunTime:0.002000s ]
INFO: [ app_begin ] --END-- [ RunTime:0.002000s ]
NOTIC: [2] imagejpeg(./Public/TyRyBottleInChina/preview/2015-06-02/crop/4528cc01edcfb7dec3e07565932cd9f16_crop.jpeg): failed to open stream: No such file or directory H:\Users\xiebc\Desktop\ruyin20150529\ThinkPHP\Library\Think\Image\Driver\Gd.class.php 第 94 行.
ERR: 水印图像不存在

[ 2015-06-02T07:48:24+08:00 ] 127.0.0.1 /TyRyBottleInChina/Wx/uploadpic
INFO: [ app_init ] --START--
INFO: Run Behavior\BuildLiteBehavior [ RunTime:0.000000s ]
INFO: [ app_init ] --END-- [ RunTime:0.000000s ]
INFO: [ app_begin ] --START--
INFO: Run Behavior\ReadHtmlCacheBehavior [ RunTime:0.002000s ]
INFO: [ app_begin ] --END-- [ RunTime:0.002000s ]
INFO: [ view_parse ] --START--
INFO: [ template_filter ] --START--
INFO: Run Behavior\ContentReplaceBehavior [ RunTime:0.000000s ]
INFO: [ template_filter ] --END-- [ RunTime:0.000000s ]
INFO: Run Behavior\ParseTemplateBehavior [ RunTime:0.024002s ]
INFO: [ view_parse ] --END-- [ RunTime:0.024002s ]
INFO: [ view_filter ] --START--
INFO: Run Behavior\WriteHtmlCacheBehavior [ RunTime:0.002000s ]
INFO: [ view_filter ] --END-- [ RunTime:0.002000s ]
INFO: [ app_end ] --START--
INFO: Run Behavior\ShowPageTraceBehavior [ RunTime:0.002000s ]
INFO: [ app_end ] --END-- [ RunTime:0.006000s ]

[ 2015-06-02T07:48:37+08:00 ] 127.0.0.1 /TyRyBottleInChina/WxInterfaceImage/preview
INFO: [ app_init ] --START--
INFO: Run Behavior\BuildLiteBehavior [ RunTime:0.000000s ]
INFO: [ app_init ] --END-- [ RunTime:0.000000s ]
INFO: [ app_begin ] --START--
INFO: Run Behavior\ReadHtmlCacheBehavior [ RunTime:0.002000s ]
INFO: [ app_begin ] --END-- [ RunTime:0.002000s ]
NOTIC: [2] imagejpeg(./Public/TyRyBottleInChina/preview/2015-06-02/crop/4fe9da1a32efa189fe79f863bbf33f7d6_crop.jpeg): failed to open stream: No such file or directory H:\Users\xiebc\Desktop\ruyin20150529\ThinkPHP\Library\Think\Image\Driver\Gd.class.php 第 94 行.
ERR: 水印图像不存在

[ 2015-06-02T07:48:43+08:00 ] 127.0.0.1 /TyRyBottleInChina/Wx/uploadpic
INFO: [ app_init ] --START--
INFO: Run Behavior\BuildLiteBehavior [ RunTime:0.000000s ]
INFO: [ app_init ] --END-- [ RunTime:0.000000s ]
INFO: [ app_begin ] --START--
INFO: Run Behavior\ReadHtmlCacheBehavior [ RunTime:0.002000s ]
INFO: [ app_begin ] --END-- [ RunTime:0.003000s ]
INFO: [ view_parse ] --START--
INFO: [ template_filter ] --START--
INFO: Run Behavior\ContentReplaceBehavior [ RunTime:0.000000s ]
INFO: [ template_filter ] --END-- [ RunTime:0.000000s ]
INFO: Run Behavior\ParseTemplateBehavior [ RunTime:0.026002s ]
INFO: [ view_parse ] --END-- [ RunTime:0.026002s ]
INFO: [ view_filter ] --START--
INFO: Run Behavior\WriteHtmlCacheBehavior [ RunTime:0.002000s ]
INFO: [ view_filter ] --END-- [ RunTime:0.002000s ]
INFO: [ app_end ] --START--
INFO: Run Behavior\ShowPageTraceBehavior [ RunTime:0.002000s ]
INFO: [ app_end ] --END-- [ RunTime:0.003000s ]

[ 2015-06-02T07:48:54+08:00 ] 127.0.0.1 /TyRyBottleInChina/WxInterfaceImage/preview
INFO: [ app_init ] --START--
INFO: Run Behavior\BuildLiteBehavior [ RunTime:0.000000s ]
INFO: [ app_init ] --END-- [ RunTime:0.000000s ]
INFO: [ app_begin ] --START--
INFO: Run Behavior\ReadHtmlCacheBehavior [ RunTime:0.002000s ]
INFO: [ app_begin ] --END-- [ RunTime:0.002000s ]
NOTIC: [2] imagejpeg(./Public/TyRyBottleInChina/preview/2015-06-02/crop/409a1decd0d1c1ffee64329c39bc7af9e_crop.jpeg): failed to open stream: No such file or directory H:\Users\xiebc\Desktop\ruyin20150529\ThinkPHP\Library\Think\Image\Driver\Gd.class.php 第 94 行.
ERR: 水印图像不存在

[ 2015-06-02T07:49:04+08:00 ] 127.0.0.1 /TyRyBottleInChina/Wx/uploadpic
INFO: [ app_init ] --START--
INFO: Run Behavior\BuildLiteBehavior [ RunTime:0.000000s ]
INFO: [ app_init ] --END-- [ RunTime:0.000000s ]
INFO: [ app_begin ] --START--
INFO: Run Behavior\ReadHtmlCacheBehavior [ RunTime:0.001001s ]
INFO: [ app_begin ] --END-- [ RunTime:0.002001s ]
INFO: [ view_parse ] --START--
INFO: [ template_filter ] --START--
INFO: Run Behavior\ContentReplaceBehavior [ RunTime:0.001000s ]
INFO: [ template_filter ] --END-- [ RunTime:0.001000s ]
INFO: Run Behavior\ParseTemplateBehavior [ RunTime:0.023001s ]
INFO: [ view_parse ] --END-- [ RunTime:0.023001s ]
INFO: [ view_filter ] --START--
INFO: Run Behavior\WriteHtmlCacheBehavior [ RunTime:0.001000s ]
INFO: [ view_filter ] --END-- [ RunTime:0.002000s ]
INFO: [ app_end ] --START--
INFO: Run Behavior\ShowPageTraceBehavior [ RunTime:0.002000s ]
INFO: [ app_end ] --END-- [ RunTime:0.003000s ]

[ 2015-06-02T07:51:21+08:00 ] 127.0.0.1 /TyRyBottleInChina/Wx/uploadpic
INFO: [ app_init ] --START--
INFO: Run Behavior\BuildLiteBehavior [ RunTime:0.000000s ]
INFO: [ app_init ] --END-- [ RunTime:0.000000s ]
INFO: [ app_begin ] --START--
INFO: Run Behavior\ReadHtmlCacheBehavior [ RunTime:0.002001s ]
INFO: [ app_begin ] --END-- [ RunTime:0.002001s ]
INFO: [ view_parse ] --START--
INFO: [ template_filter ] --START--
INFO: Run Behavior\ContentReplaceBehavior [ RunTime:0.000000s ]
INFO: [ template_filter ] --END-- [ RunTime:0.000000s ]
INFO: Run Behavior\ParseTemplateBehavior [ RunTime:0.024001s ]
INFO: [ view_parse ] --END-- [ RunTime:0.024001s ]
INFO: [ view_filter ] --START--
INFO: Run Behavior\WriteHtmlCacheBehavior [ RunTime:0.001000s ]
INFO: [ view_filter ] --END-- [ RunTime:0.001000s ]
INFO: [ app_end ] --START--
INFO: Run Behavior\ShowPageTraceBehavior [ RunTime:0.003000s ]
INFO: [ app_end ] --END-- [ RunTime:0.003000s ]

[ 2015-06-02T07:54:58+08:00 ] 127.0.0.1 /TyRyBottleInChina/Pc/uploadpic
INFO: [ app_init ] --START--
INFO: Run Behavior\BuildLiteBehavior [ RunTime:0.000000s ]
INFO: [ app_init ] --END-- [ RunTime:0.000000s ]
INFO: [ app_begin ] --START--
INFO: Run Behavior\ReadHtmlCacheBehavior [ RunTime:0.002000s ]
INFO: [ app_begin ] --END-- [ RunTime:0.003000s ]
INFO: [ view_parse ] --START--
INFO: [ template_filter ] --START--
INFO: Run Behavior\ContentReplaceBehavior [ RunTime:0.000000s ]
INFO: [ template_filter ] --END-- [ RunTime:0.000000s ]
NOTIC: [8] Undefined variable: Think H:\Users\xiebc\Desktop\ruyin20150529\Runtime\Cache\TyRyBottleInChina\52fd290c24ce8a677a55ac7247f835cd.php 第 191 行.
NOTIC: [8] Use of undefined constant draw - assumed 'draw' H:\Users\xiebc\Desktop\ruyin20150529\Runtime\Cache\TyRyBottleInChina\52fd290c24ce8a677a55ac7247f835cd.php 第 192 行.
NOTIC: [8] Use of undefined constant uploadpic - assumed 'uploadpic' H:\Users\xiebc\Desktop\ruyin20150529\Runtime\Cache\TyRyBottleInChina\52fd290c24ce8a677a55ac7247f835cd.php 第 192 行.
NOTIC: [8] Undefined variable: Think H:\Users\xiebc\Desktop\ruyin20150529\Runtime\Cache\TyRyBottleInChina\52fd290c24ce8a677a55ac7247f835cd.php 第 199 行.
INFO: Run Behavior\ParseTemplateBehavior [ RunTime:0.452025s ]
INFO: [ view_parse ] --END-- [ RunTime:0.452025s ]
INFO: [ view_filter ] --START--
INFO: Run Behavior\WriteHtmlCacheBehavior [ RunTime:0.003001s ]
INFO: [ view_filter ] --END-- [ RunTime:0.003001s ]
INFO: [ app_end ] --START--
INFO: Run Behavior\ShowPageTraceBehavior [ RunTime:0.003000s ]
INFO: [ app_end ] --END-- [ RunTime:0.003000s ]

[ 2015-06-02T07:55:03+08:00 ] 127.0.0.1 /TyRyBottleInChina/PcWxApi/qrcode/code/3vHhVfyh8y
INFO: [ app_init ] --START--
INFO: Run Behavior\BuildLiteBehavior [ RunTime:0.000000s ]
INFO: [ app_init ] --END-- [ RunTime:0.000000s ]
INFO: [ app_begin ] --START--
INFO: Run Behavior\ReadHtmlCacheBehavior [ RunTime:0.003000s ]
INFO: [ app_begin ] --END-- [ RunTime:0.003000s ]

[ 2015-06-02T08:00:29+08:00 ] 127.0.0.1 /TyRyBottleInChina/Wx/uploadpic
INFO: [ app_init ] --START--
INFO: Run Behavior\BuildLiteBehavior [ RunTime:0.000000s ]
INFO: [ app_init ] --END-- [ RunTime:0.000000s ]
INFO: [ app_begin ] --START--
INFO: Run Behavior\ReadHtmlCacheBehavior [ RunTime:0.002000s ]
INFO: [ app_begin ] --END-- [ RunTime:0.002000s ]
INFO: [ view_parse ] --START--
INFO: [ template_filter ] --START--
INFO: Run Behavior\ContentReplaceBehavior [ RunTime:0.000000s ]
INFO: [ template_filter ] --END-- [ RunTime:0.001000s ]
INFO: Run Behavior\ParseTemplateBehavior [ RunTime:0.048002s ]
INFO: [ view_parse ] --END-- [ RunTime:0.048002s ]
INFO: [ view_filter ] --START--
INFO: Run Behavior\WriteHtmlCacheBehavior [ RunTime:0.002000s ]
INFO: [ view_filter ] --END-- [ RunTime:0.002000s ]
INFO: [ app_end ] --START--
INFO: Run Behavior\ShowPageTraceBehavior [ RunTime:0.002000s ]
INFO: [ app_end ] --END-- [ RunTime:0.002000s ]

[ 2015-06-02T08:01:27+08:00 ] 127.0.0.1 /TyRyBottleInChina/Wx/uploadpic
INFO: [ app_init ] --START--
INFO: Run Behavior\BuildLiteBehavior [ RunTime:0.000000s ]
INFO: [ app_init ] --END-- [ RunTime:0.000000s ]
INFO: [ app_begin ] --START--
INFO: Run Behavior\ReadHtmlCacheBehavior [ RunTime:0.008000s ]
INFO: [ app_begin ] --END-- [ RunTime:0.008000s ]
INFO: [ view_parse ] --START--
INFO: [ template_filter ] --START--
INFO: Run Behavior\ContentReplaceBehavior [ RunTime:0.000000s ]
INFO: [ template_filter ] --END-- [ RunTime:0.000000s ]
INFO: Run Behavior\ParseTemplateBehavior [ RunTime:0.047003s ]
INFO: [ view_parse ] --END-- [ RunTime:0.047003s ]
INFO: [ view_filter ] --START--
INFO: Run Behavior\WriteHtmlCacheBehavior [ RunTime:0.002000s ]
INFO: [ view_filter ] --END-- [ RunTime:0.002000s ]
INFO: [ app_end ] --START--
INFO: Run Behavior\ShowPageTraceBehavior [ RunTime:0.003000s ]
INFO: [ app_end ] --END-- [ RunTime:0.003000s ]

[ 2015-06-02T08:02:15+08:00 ] 127.0.0.1 /TyRyBottleInChina/Wx/uploadpic
INFO: [ app_init ] --START--
INFO: Run Behavior\BuildLiteBehavior [ RunTime:0.000000s ]
INFO: [ app_init ] --END-- [ RunTime:0.000000s ]
INFO: [ app_begin ] --START--
INFO: Run Behavior\ReadHtmlCacheBehavior [ RunTime:0.002000s ]
INFO: [ app_begin ] --END-- [ RunTime:0.002000s ]
INFO: [ view_parse ] --START--
INFO: [ template_filter ] --START--
INFO: Run Behavior\ContentReplaceBehavior [ RunTime:0.003000s ]
INFO: [ template_filter ] --END-- [ RunTime:0.003000s ]
INFO: Run Behavior\ParseTemplateBehavior [ RunTime:0.029002s ]
INFO: [ view_parse ] --END-- [ RunTime:0.029002s ]
INFO: [ view_filter ] --START--
INFO: Run Behavior\WriteHtmlCacheBehavior [ RunTime:0.001000s ]
INFO: [ view_filter ] --END-- [ RunTime:0.001000s ]
INFO: [ app_end ] --START--
INFO: Run Behavior\ShowPageTraceBehavior [ RunTime:0.002000s ]
INFO: [ app_end ] --END-- [ RunTime:0.003000s ]

[ 2015-06-02T08:09:07+08:00 ] 127.0.0.1 /TyRyBottleInChina/Wx/uploadpic
INFO: [ app_init ] --START--
INFO: Run Behavior\BuildLiteBehavior [ RunTime:0.000000s ]
INFO: [ app_init ] --END-- [ RunTime:0.007000s ]
INFO: [ app_begin ] --START--
INFO: Run Behavior\ReadHtmlCacheBehavior [ RunTime:0.002000s ]
INFO: [ app_begin ] --END-- [ RunTime:0.002000s ]
INFO: [ view_parse ] --START--
INFO: [ template_filter ] --START--
INFO: Run Behavior\ContentReplaceBehavior [ RunTime:0.000000s ]
INFO: [ template_filter ] --END-- [ RunTime:0.000000s ]
INFO: Run Behavior\ParseTemplateBehavior [ RunTime:0.041002s ]
INFO: [ view_parse ] --END-- [ RunTime:0.042002s ]
INFO: [ view_filter ] --START--
INFO: Run Behavior\WriteHtmlCacheBehavior [ RunTime:0.002000s ]
INFO: [ view_filter ] --END-- [ RunTime:0.002000s ]
INFO: [ app_end ] --START--
INFO: Run Behavior\ShowPageTraceBehavior [ RunTime:0.002000s ]
INFO: [ app_end ] --END-- [ RunTime:0.002000s ]

[ 2015-06-02T08:12:22+08:00 ] 127.0.0.1 /TyRyBottleInChina/Wx/uploadpic
INFO: [ app_init ] --START--
INFO: Run Behavior\BuildLiteBehavior [ RunTime:0.000000s ]
INFO: [ app_init ] --END-- [ RunTime:0.000000s ]
INFO: [ app_begin ] --START--
INFO: Run Behavior\ReadHtmlCacheBehavior [ RunTime:0.005000s ]
INFO: [ app_begin ] --END-- [ RunTime:0.006000s ]
INFO: [ view_parse ] --START--
INFO: [ template_filter ] --START--
INFO: Run Behavior\ContentReplaceBehavior [ RunTime:0.000000s ]
INFO: [ template_filter ] --END-- [ RunTime:0.000000s ]
INFO: Run Behavior\ParseTemplateBehavior [ RunTime:0.027002s ]
INFO: [ view_parse ] --END-- [ RunTime:0.027002s ]
INFO: [ view_filter ] --START--
INFO: Run Behavior\WriteHtmlCacheBehavior [ RunTime:0.001000s ]
INFO: [ view_filter ] --END-- [ RunTime:0.001000s ]
INFO: [ app_end ] --START--
INFO: Run Behavior\ShowPageTraceBehavior [ RunTime:0.002000s ]
INFO: [ app_end ] --END-- [ RunTime:0.003000s ]

[ 2015-06-02T08:16:09+08:00 ] 127.0.0.1 /TyRyBottleInChina/Wx/uploadpic
INFO: [ app_init ] --START--
INFO: Run Behavior\BuildLiteBehavior [ RunTime:0.000000s ]
INFO: [ app_init ] --END-- [ RunTime:0.000000s ]
INFO: [ app_begin ] --START--
INFO: Run Behavior\ReadHtmlCacheBehavior [ RunTime:0.005000s ]
INFO: [ app_begin ] --END-- [ RunTime:0.005000s ]
INFO: [ view_parse ] --START--
INFO: [ template_filter ] --START--
INFO: Run Behavior\ContentReplaceBehavior [ RunTime:0.000000s ]
INFO: [ template_filter ] --END-- [ RunTime:0.000000s ]
INFO: Run Behavior\ParseTemplateBehavior [ RunTime:0.030002s ]
INFO: [ view_parse ] --END-- [ RunTime:0.030002s ]
INFO: [ view_filter ] --START--
INFO: Run Behavior\WriteHtmlCacheBehavior [ RunTime:0.002000s ]
INFO: [ view_filter ] --END-- [ RunTime:0.002000s ]
INFO: [ app_end ] --START--
INFO: Run Behavior\ShowPageTraceBehavior [ RunTime:0.005001s ]
INFO: [ app_end ] --END-- [ RunTime:0.005001s ]

[ 2015-06-02T08:18:03+08:00 ] 127.0.0.1 /TyRyBottleInChina/Wx/uploadpic
INFO: [ app_init ] --START--
INFO: Run Behavior\BuildLiteBehavior [ RunTime:0.000000s ]
INFO: [ app_init ] --END-- [ RunTime:0.000000s ]
INFO: [ app_begin ] --START--
INFO: Run Behavior\ReadHtmlCacheBehavior [ RunTime:0.005000s ]
INFO: [ app_begin ] --END-- [ RunTime:0.005000s ]
INFO: [ view_parse ] --START--
INFO: [ template_filter ] --START--
INFO: Run Behavior\ContentReplaceBehavior [ RunTime:0.001001s ]
INFO: [ template_filter ] --END-- [ RunTime:0.001001s ]
INFO: Run Behavior\ParseTemplateBehavior [ RunTime:0.030002s ]
INFO: [ view_parse ] --END-- [ RunTime:0.031002s ]
INFO: [ view_filter ] --START--
INFO: Run Behavior\WriteHtmlCacheBehavior [ RunTime:0.002000s ]
INFO: [ view_filter ] --END-- [ RunTime:0.002000s ]
INFO: [ app_end ] --START--
INFO: Run Behavior\ShowPageTraceBehavior [ RunTime:0.002000s ]
INFO: [ app_end ] --END-- [ RunTime:0.002000s ]

[ 2015-06-02T08:20:54+08:00 ] 127.0.0.1 /TyRyBottleInChina/Wx/uploadpic
INFO: [ app_init ] --START--
INFO: Run Behavior\BuildLiteBehavior [ RunTime:0.000000s ]
INFO: [ app_init ] --END-- [ RunTime:0.000000s ]
INFO: [ app_begin ] --START--
INFO: Run Behavior\ReadHtmlCacheBehavior [ RunTime:0.004000s ]
INFO: [ app_begin ] --END-- [ RunTime:0.004000s ]
INFO: [ view_parse ] --START--
INFO: [ template_filter ] --START--
INFO: Run Behavior\ContentReplaceBehavior [ RunTime:0.000000s ]
INFO: [ template_filter ] --END-- [ RunTime:0.000000s ]
INFO: Run Behavior\ParseTemplateBehavior [ RunTime:0.026001s ]
INFO: [ view_parse ] --END-- [ RunTime:0.028001s ]
INFO: [ view_filter ] --START--
INFO: Run Behavior\WriteHtmlCacheBehavior [ RunTime:0.001000s ]
INFO: [ view_filter ] --END-- [ RunTime:0.001000s ]
INFO: [ app_end ] --START--
INFO: Run Behavior\ShowPageTraceBehavior [ RunTime:0.002000s ]
INFO: [ app_end ] --END-- [ RunTime:0.002000s ]

[ 2015-06-02T08:27:22+08:00 ] 127.0.0.1 /TyRyBottleInChina/Wx/uploadpic
INFO: [ app_init ] --START--
INFO: Run Behavior\BuildLiteBehavior [ RunTime:0.000000s ]
INFO: [ app_init ] --END-- [ RunTime:0.000000s ]
INFO: [ app_begin ] --START--
INFO: Run Behavior\ReadHtmlCacheBehavior [ RunTime:0.003000s ]
INFO: [ app_begin ] --END-- [ RunTime:0.004000s ]
INFO: [ view_parse ] --START--
INFO: [ template_filter ] --START--
INFO: Run Behavior\ContentReplaceBehavior [ RunTime:0.000000s ]
INFO: [ template_filter ] --END-- [ RunTime:0.000000s ]
INFO: Run Behavior\ParseTemplateBehavior [ RunTime:0.026002s ]
INFO: [ view_parse ] --END-- [ RunTime:0.026002s ]
INFO: [ view_filter ] --START--
INFO: Run Behavior\WriteHtmlCacheBehavior [ RunTime:0.002000s ]
INFO: [ view_filter ] --END-- [ RunTime:0.002000s ]
INFO: [ app_end ] --START--
INFO: Run Behavior\ShowPageTraceBehavior [ RunTime:0.005000s ]
INFO: [ app_end ] --END-- [ RunTime:0.005000s ]

[ 2015-06-02T08:29:01+08:00 ] 127.0.0.1 /TyRyBottleInChina/Wx/uploadpic
INFO: [ app_init ] --START--
INFO: Run Behavior\BuildLiteBehavior [ RunTime:0.000000s ]
INFO: [ app_init ] --END-- [ RunTime:0.001001s ]
INFO: [ app_begin ] --START--
INFO: Run Behavior\ReadHtmlCacheBehavior [ RunTime:0.007000s ]
INFO: [ app_begin ] --END-- [ RunTime:0.007000s ]
INFO: [ view_parse ] --START--
INFO: [ template_filter ] --START--
INFO: Run Behavior\ContentReplaceBehavior [ RunTime:0.001000s ]
INFO: [ template_filter ] --END-- [ RunTime:0.001000s ]
INFO: Run Behavior\ParseTemplateBehavior [ RunTime:0.039002s ]
INFO: [ view_parse ] --END-- [ RunTime:0.039002s ]
INFO: [ view_filter ] --START--
INFO: Run Behavior\WriteHtmlCacheBehavior [ RunTime:0.002000s ]
INFO: [ view_filter ] --END-- [ RunTime:0.002000s ]
INFO: [ app_end ] --START--
INFO: Run Behavior\ShowPageTraceBehavior [ RunTime:0.003000s ]
INFO: [ app_end ] --END-- [ RunTime:0.003000s ]

[ 2015-06-02T08:29:23+08:00 ] 127.0.0.1 /TyRyBottleInChina/Wx/uploadpic
INFO: [ app_init ] --START--
INFO: Run Behavior\BuildLiteBehavior [ RunTime:0.000000s ]
INFO: [ app_init ] --END-- [ RunTime:0.000000s ]
INFO: [ app_begin ] --START--
INFO: Run Behavior\ReadHtmlCacheBehavior [ RunTime:0.002000s ]
INFO: [ app_begin ] --END-- [ RunTime:0.002000s ]
INFO: [ view_parse ] --START--
INFO: [ template_filter ] --START--
INFO: Run Behavior\ContentReplaceBehavior [ RunTime:0.000000s ]
INFO: [ template_filter ] --END-- [ RunTime:0.000000s ]
INFO: Run Behavior\ParseTemplateBehavior [ RunTime:0.027002s ]
INFO: [ view_parse ] --END-- [ RunTime:0.027002s ]
INFO: [ view_filter ] --START--
INFO: Run Behavior\WriteHtmlCacheBehavior [ RunTime:0.002000s ]
INFO: [ view_filter ] --END-- [ RunTime:0.002000s ]
INFO: [ app_end ] --START--
INFO: Run Behavior\ShowPageTraceBehavior [ RunTime:0.002000s ]
INFO: [ app_end ] --END-- [ RunTime:0.003000s ]

[ 2015-06-02T22:40:01+08:00 ] 127.0.0.1 /TyRyBottleInChina/Pc
INFO: [ app_init ] --START--
INFO: Run Behavior\BuildLiteBehavior [ RunTime:0.000000s ]
INFO: [ app_init ] --END-- [ RunTime:0.055003s ]
INFO: [ app_begin ] --START--
INFO: Run Behavior\ReadHtmlCacheBehavior [ RunTime:0.016001s ]
INFO: [ app_begin ] --END-- [ RunTime:0.016001s ]
INFO: [ view_parse ] --START--
INFO: [ template_filter ] --START--
INFO: Run Behavior\ContentReplaceBehavior [ RunTime:0.001000s ]
INFO: [ template_filter ] --END-- [ RunTime:0.001000s ]
NOTIC: [8] Undefined variable: Think H:\Users\xiebc\Desktop\ruyin20150529\Runtime\Cache\TyRyBottleInChina\6daa49b888e14ed11cddf1df958efef6.php 第 192 行.
INFO: Run Behavior\ParseTemplateBehavior [ RunTime:0.489028s ]
INFO: [ view_parse ] --END-- [ RunTime:0.490028s ]
INFO: [ view_filter ] --START--
INFO: Run Behavior\WriteHtmlCacheBehavior [ RunTime:0.011000s ]
INFO: [ view_filter ] --END-- [ RunTime:0.012000s ]
INFO: [ app_end ] --START--
INFO: Run Behavior\ShowPageTraceBehavior [ RunTime:0.019002s ]
INFO: [ app_end ] --END-- [ RunTime:0.019002s ]

[ 2015-06-02T22:40:06+08:00 ] 127.0.0.1 /TyRyBottleInChina/PcWxApi/qrcode/code/FknKuvTFZp
INFO: [ app_init ] --START--
INFO: Run Behavior\BuildLiteBehavior [ RunTime:0.000000s ]
INFO: [ app_init ] --END-- [ RunTime:0.000000s ]
INFO: [ app_begin ] --START--
INFO: Run Behavior\ReadHtmlCacheBehavior [ RunTime:0.003000s ]
INFO: [ app_begin ] --END-- [ RunTime:0.003000s ]

[ 2015-06-02T22:42:39+08:00 ] 127.0.0.1 /TyRyBottleInChina/Pc/participation
INFO: [ app_init ] --START--
INFO: Run Behavior\BuildLiteBehavior [ RunTime:0.000000s ]
INFO: [ app_init ] --END-- [ RunTime:0.000000s ]
INFO: [ app_begin ] --START--
INFO: Run Behavior\ReadHtmlCacheBehavior [ RunTime:0.003001s ]
INFO: [ app_begin ] --END-- [ RunTime:0.003001s ]
INFO: [ view_parse ] --START--
INFO: [ template_filter ] --START--
INFO: Run Behavior\ContentReplaceBehavior [ RunTime:0.000000s ]
INFO: [ template_filter ] --END-- [ RunTime:0.000000s ]
NOTIC: [8] Undefined variable: Think H:\Users\xiebc\Desktop\ruyin20150529\Runtime\Cache\TyRyBottleInChina\56a6ce9304b71bfec4ced87038900355.php 第 114 行.
INFO: Run Behavior\ParseTemplateBehavior [ RunTime:0.107006s ]
INFO: [ view_parse ] --END-- [ RunTime:0.107006s ]
INFO: [ view_filter ] --START--
INFO: Run Behavior\WriteHtmlCacheBehavior [ RunTime:0.002000s ]
INFO: [ view_filter ] --END-- [ RunTime:0.002000s ]
INFO: [ app_end ] --START--
INFO: Run Behavior\ShowPageTraceBehavior [ RunTime:0.003000s ]
INFO: [ app_end ] --END-- [ RunTime:0.003000s ]

[ 2015-06-02T22:42:40+08:00 ] 127.0.0.1 /TyRyBottleInChina/PcWxApi/qrcode/code/3vNDJBgiDu
INFO: [ app_init ] --START--
INFO: Run Behavior\BuildLiteBehavior [ RunTime:0.000000s ]
INFO: [ app_init ] --END-- [ RunTime:0.000000s ]
INFO: [ app_begin ] --START--
INFO: Run Behavior\ReadHtmlCacheBehavior [ RunTime:0.002001s ]
INFO: [ app_begin ] --END-- [ RunTime:0.002001s ]

[ 2015-06-02T22:42:45+08:00 ] 127.0.0.1 /TyRyBottleInChina/Pc/compound
INFO: [ app_init ] --START--
INFO: Run Behavior\BuildLiteBehavior [ RunTime:0.000000s ]
INFO: [ app_init ] --END-- [ RunTime:0.000000s ]
INFO: [ app_begin ] --START--
INFO: Run Behavior\ReadHtmlCacheBehavior [ RunTime:0.002001s ]
INFO: [ app_begin ] --END-- [ RunTime:0.002001s ]
INFO: [ view_parse ] --START--
INFO: [ template_filter ] --START--
INFO: Run Behavior\ContentReplaceBehavior [ RunTime:0.001000s ]
INFO: [ template_filter ] --END-- [ RunTime:0.001000s ]
NOTIC: [8] Undefined variable: Think H:\Users\xiebc\Desktop\ruyin20150529\Runtime\Cache\TyRyBottleInChina\1f44eb11f8e53e588bf5bd9fb03ad9be.php 第 253 行.
NOTIC: [8] Use of undefined constant draw - assumed 'draw' H:\Users\xiebc\Desktop\ruyin20150529\Runtime\Cache\TyRyBottleInChina\1f44eb11f8e53e588bf5bd9fb03ad9be.php 第 254 行.
NOTIC: [8] Use of undefined constant uploadpic - assumed 'uploadpic' H:\Users\xiebc\Desktop\ruyin20150529\Runtime\Cache\TyRyBottleInChina\1f44eb11f8e53e588bf5bd9fb03ad9be.php 第 254 行.
NOTIC: [8] Use of undefined constant compound - assumed 'compound' H:\Users\xiebc\Desktop\ruyin20150529\Runtime\Cache\TyRyBottleInChina\1f44eb11f8e53e588bf5bd9fb03ad9be.php 第 254 行.
NOTIC: [8] Undefined variable: Think H:\Users\xiebc\Desktop\ruyin20150529\Runtime\Cache\TyRyBottleInChina\1f44eb11f8e53e588bf5bd9fb03ad9be.php 第 261 行.
INFO: Run Behavior\ParseTemplateBehavior [ RunTime:0.314018s ]
INFO: [ view_parse ] --END-- [ RunTime:0.314018s ]
INFO: [ view_filter ] --START--
INFO: Run Behavior\WriteHtmlCacheBehavior [ RunTime:0.002000s ]
INFO: [ view_filter ] --END-- [ RunTime:0.002000s ]
INFO: [ app_end ] --START--
INFO: Run Behavior\ShowPageTraceBehavior [ RunTime:0.002001s ]
INFO: [ app_end ] --END-- [ RunTime:0.002001s ]

[ 2015-06-02T22:42:45+08:00 ] 127.0.0.1 /TyRyBottleInChina/PcWxApi/qrcode/code/fILFGyu8U2
INFO: [ app_init ] --START--
INFO: Run Behavior\BuildLiteBehavior [ RunTime:0.000000s ]
INFO: [ app_init ] --END-- [ RunTime:0.000000s ]
INFO: [ app_begin ] --START--
INFO: Run Behavior\ReadHtmlCacheBehavior [ RunTime:0.002000s ]
INFO: [ app_begin ] --END-- [ RunTime:0.002000s ]

[ 2015-06-02T22:45:00+08:00 ] 127.0.0.1 /TyRyBottleInChina/Pc/compound
INFO: [ app_init ] --START--
INFO: Run Behavior\BuildLiteBehavior [ RunTime:0.000000s ]
INFO: [ app_init ] --END-- [ RunTime:0.000000s ]
INFO: [ app_begin ] --START--
INFO: Run Behavior\ReadHtmlCacheBehavior [ RunTime:0.002000s ]
INFO: [ app_begin ] --END-- [ RunTime:0.002000s ]
INFO: [ view_parse ] --START--
INFO: [ template_filter ] --START--
INFO: Run Behavior\ContentReplaceBehavior [ RunTime:0.001000s ]
INFO: [ template_filter ] --END-- [ RunTime:0.001000s ]
NOTIC: [8] Undefined variable: Think H:\Users\xiebc\Desktop\ruyin20150529\Runtime\Cache\TyRyBottleInChina\1f44eb11f8e53e588bf5bd9fb03ad9be.php 第 253 行.
NOTIC: [8] Use of undefined constant draw - assumed 'draw' H:\Users\xiebc\Desktop\ruyin20150529\Runtime\Cache\TyRyBottleInChina\1f44eb11f8e53e588bf5bd9fb03ad9be.php 第 254 行.
NOTIC: [8] Use of undefined constant uploadpic - assumed 'uploadpic' H:\Users\xiebc\Desktop\ruyin20150529\Runtime\Cache\TyRyBottleInChina\1f44eb11f8e53e588bf5bd9fb03ad9be.php 第 254 行.
NOTIC: [8] Use of undefined constant compound - assumed 'compound' H:\Users\xiebc\Desktop\ruyin20150529\Runtime\Cache\TyRyBottleInChina\1f44eb11f8e53e588bf5bd9fb03ad9be.php 第 254 行.
NOTIC: [8] Undefined variable: Think H:\Users\xiebc\Desktop\ruyin20150529\Runtime\Cache\TyRyBottleInChina\1f44eb11f8e53e588bf5bd9fb03ad9be.php 第 261 行.
INFO: Run Behavior\ParseTemplateBehavior [ RunTime:0.054003s ]
INFO: [ view_parse ] --END-- [ RunTime:0.054003s ]
INFO: [ view_filter ] --START--
INFO: Run Behavior\WriteHtmlCacheBehavior [ RunTime:0.002000s ]
INFO: [ view_filter ] --END-- [ RunTime:0.002000s ]
INFO: [ app_end ] --START--
INFO: Run Behavior\ShowPageTraceBehavior [ RunTime:0.004000s ]
INFO: [ app_end ] --END-- [ RunTime:0.005000s ]

[ 2015-06-02T22:45:01+08:00 ] 127.0.0.1 /TyRyBottleInChina/PcWxApi/qrcode/code/WZdBw11SHI
INFO: [ app_init ] --START--
INFO: Run Behavior\BuildLiteBehavior [ RunTime:0.000000s ]
INFO: [ app_init ] --END-- [ RunTime:0.000000s ]
INFO: [ app_begin ] --START--
INFO: Run Behavior\ReadHtmlCacheBehavior [ RunTime:0.002000s ]
INFO: [ app_begin ] --END-- [ RunTime:0.002000s ]

[ 2015-06-02T22:46:34+08:00 ] 127.0.0.1 /TyRyBottleInChina/Pc/compound
INFO: [ app_init ] --START--
INFO: Run Behavior\BuildLiteBehavior [ RunTime:0.000000s ]
INFO: [ app_init ] --END-- [ RunTime:0.000000s ]
INFO: [ app_begin ] --START--
INFO: Run Behavior\ReadHtmlCacheBehavior [ RunTime:0.002000s ]
INFO: [ app_begin ] --END-- [ RunTime:0.002000s ]
INFO: [ view_parse ] --START--
INFO: [ template_filter ] --START--
INFO: Run Behavior\ContentReplaceBehavior [ RunTime:0.001000s ]
INFO: [ template_filter ] --END-- [ RunTime:0.001000s ]
NOTIC: [8] Undefined variable: Think H:\Users\xiebc\Desktop\ruyin20150529\Runtime\Cache\TyRyBottleInChina\1f44eb11f8e53e588bf5bd9fb03ad9be.php 第 253 行.
NOTIC: [8] Use of undefined constant draw - assumed 'draw' H:\Users\xiebc\Desktop\ruyin20150529\Runtime\Cache\TyRyBottleInChina\1f44eb11f8e53e588bf5bd9fb03ad9be.php 第 254 行.
NOTIC: [8] Use of undefined constant uploadpic - assumed 'uploadpic' H:\Users\xiebc\Desktop\ruyin20150529\Runtime\Cache\TyRyBottleInChina\1f44eb11f8e53e588bf5bd9fb03ad9be.php 第 254 行.
NOTIC: [8] Use of undefined constant compound - assumed 'compound' H:\Users\xiebc\Desktop\ruyin20150529\Runtime\Cache\TyRyBottleInChina\1f44eb11f8e53e588bf5bd9fb03ad9be.php 第 254 行.
NOTIC: [8] Undefined variable: Think H:\Users\xiebc\Desktop\ruyin20150529\Runtime\Cache\TyRyBottleInChina\1f44eb11f8e53e588bf5bd9fb03ad9be.php 第 261 行.
INFO: Run Behavior\ParseTemplateBehavior [ RunTime:0.059004s ]
INFO: [ view_parse ] --END-- [ RunTime:0.059004s ]
INFO: [ view_filter ] --START--
INFO: Run Behavior\WriteHtmlCacheBehavior [ RunTime:0.002000s ]
INFO: [ view_filter ] --END-- [ RunTime:0.002000s ]
INFO: [ app_end ] --START--
INFO: Run Behavior\ShowPageTraceBehavior [ RunTime:0.008000s ]
INFO: [ app_end ] --END-- [ RunTime:0.009000s ]

[ 2015-06-02T22:46:36+08:00 ] 127.0.0.1 /TyRyBottleInChina/PcWxApi/qrcode/code/GrehFUSGBU
INFO: [ app_init ] --START--
INFO: Run Behavior\BuildLiteBehavior [ RunTime:0.001000s ]
INFO: [ app_init ] --END-- [ RunTime:0.001000s ]
INFO: [ app_begin ] --START--
INFO: Run Behavior\ReadHtmlCacheBehavior [ RunTime:0.002000s ]
INFO: [ app_begin ] --END-- [ RunTime:0.002000s ]

[ 2015-06-02T22:50:29+08:00 ] 127.0.0.1 /TyRyBottleInChina/Pc/compound
INFO: [ app_init ] --START--
INFO: Run Behavior\BuildLiteBehavior [ RunTime:0.000000s ]
INFO: [ app_init ] --END-- [ RunTime:0.000000s ]
INFO: [ app_begin ] --START--
INFO: Run Behavior\ReadHtmlCacheBehavior [ RunTime:0.003000s ]
INFO: [ app_begin ] --END-- [ RunTime:0.003000s ]
INFO: [ view_parse ] --START--
INFO: [ template_filter ] --START--
INFO: Run Behavior\ContentReplaceBehavior [ RunTime:0.000000s ]
INFO: [ template_filter ] --END-- [ RunTime:0.001000s ]
NOTIC: [8] Undefined variable: Think H:\Users\xiebc\Desktop\ruyin20150529\Runtime\Cache\TyRyBottleInChina\1f44eb11f8e53e588bf5bd9fb03ad9be.php 第 253 行.
NOTIC: [8] Use of undefined constant draw - assumed 'draw' H:\Users\xiebc\Desktop\ruyin20150529\Runtime\Cache\TyRyBottleInChina\1f44eb11f8e53e588bf5bd9fb03ad9be.php 第 254 行.
NOTIC: [8] Use of undefined constant uploadpic - assumed 'uploadpic' H:\Users\xiebc\Desktop\ruyin20150529\Runtime\Cache\TyRyBottleInChina\1f44eb11f8e53e588bf5bd9fb03ad9be.php 第 254 行.
NOTIC: [8] Use of undefined constant compound - assumed 'compound' H:\Users\xiebc\Desktop\ruyin20150529\Runtime\Cache\TyRyBottleInChina\1f44eb11f8e53e588bf5bd9fb03ad9be.php 第 254 行.
NOTIC: [8] Undefined variable: Think H:\Users\xiebc\Desktop\ruyin20150529\Runtime\Cache\TyRyBottleInChina\1f44eb11f8e53e588bf5bd9fb03ad9be.php 第 261 行.
INFO: Run Behavior\ParseTemplateBehavior [ RunTime:0.066004s ]
INFO: [ view_parse ] --END-- [ RunTime:0.066004s ]
INFO: [ view_filter ] --START--
INFO: Run Behavior\WriteHtmlCacheBehavior [ RunTime:0.001000s ]
INFO: [ view_filter ] --END-- [ RunTime:0.001000s ]
INFO: [ app_end ] --START--
INFO: Run Behavior\ShowPageTraceBehavior [ RunTime:0.010001s ]
INFO: [ app_end ] --END-- [ RunTime:0.010001s ]

[ 2015-06-02T22:50:30+08:00 ] 127.0.0.1 /TyRyBottleInChina/PcWxApi/qrcode/code/29Ve3lIoGr
INFO: [ app_init ] --START--
INFO: Run Behavior\BuildLiteBehavior [ RunTime:0.000000s ]
INFO: [ app_init ] --END-- [ RunTime:0.001000s ]
INFO: [ app_begin ] --START--
INFO: Run Behavior\ReadHtmlCacheBehavior [ RunTime:0.017001s ]
INFO: [ app_begin ] --END-- [ RunTime:0.018001s ]

[ 2015-06-02T22:50:41+08:00 ] 127.0.0.1 /TyRyBottleInChina/Pc/compound
INFO: [ app_init ] --START--
INFO: Run Behavior\BuildLiteBehavior [ RunTime:0.000000s ]
INFO: [ app_init ] --END-- [ RunTime:0.000000s ]
INFO: [ app_begin ] --START--
INFO: Run Behavior\ReadHtmlCacheBehavior [ RunTime:0.001000s ]
INFO: [ app_begin ] --END-- [ RunTime:0.001000s ]
INFO: [ view_parse ] --START--
INFO: [ template_filter ] --START--
INFO: Run Behavior\ContentReplaceBehavior [ RunTime:0.000000s ]
INFO: [ template_filter ] --END-- [ RunTime:0.001000s ]
NOTIC: [8] Undefined variable: Think H:\Users\xiebc\Desktop\ruyin20150529\Runtime\Cache\TyRyBottleInChina\1f44eb11f8e53e588bf5bd9fb03ad9be.php 第 253 行.
NOTIC: [8] Use of undefined constant draw - assumed 'draw' H:\Users\xiebc\Desktop\ruyin20150529\Runtime\Cache\TyRyBottleInChina\1f44eb11f8e53e588bf5bd9fb03ad9be.php 第 254 行.
NOTIC: [8] Use of undefined constant uploadpic - assumed 'uploadpic' H:\Users\xiebc\Desktop\ruyin20150529\Runtime\Cache\TyRyBottleInChina\1f44eb11f8e53e588bf5bd9fb03ad9be.php 第 254 行.
NOTIC: [8] Use of undefined constant compound - assumed 'compound' H:\Users\xiebc\Desktop\ruyin20150529\Runtime\Cache\TyRyBottleInChina\1f44eb11f8e53e588bf5bd9fb03ad9be.php 第 254 行.
NOTIC: [8] Undefined variable: Think H:\Users\xiebc\Desktop\ruyin20150529\Runtime\Cache\TyRyBottleInChina\1f44eb11f8e53e588bf5bd9fb03ad9be.php 第 261 行.
INFO: Run Behavior\ParseTemplateBehavior [ RunTime:0.064003s ]
INFO: [ view_parse ] --END-- [ RunTime:0.064003s ]
INFO: [ view_filter ] --START--
INFO: Run Behavior\WriteHtmlCacheBehavior [ RunTime:0.002000s ]
INFO: [ view_filter ] --END-- [ RunTime:0.003000s ]
INFO: [ app_end ] --START--
INFO: Run Behavior\ShowPageTraceBehavior [ RunTime:0.005000s ]
INFO: [ app_end ] --END-- [ RunTime:0.006000s ]

[ 2015-06-02T22:50:42+08:00 ] 127.0.0.1 /TyRyBottleInChina/PcWxApi/qrcode/code/OWTRNaj1nK
INFO: [ app_init ] --START--
INFO: Run Behavior\BuildLiteBehavior [ RunTime:0.000000s ]
INFO: [ app_init ] --END-- [ RunTime:0.001000s ]
INFO: [ app_begin ] --START--
INFO: Run Behavior\ReadHtmlCacheBehavior [ RunTime:0.001000s ]
INFO: [ app_begin ] --END-- [ RunTime:0.002000s ]

[ 2015-06-02T22:51:49+08:00 ] 127.0.0.1 /TyRyBottleInChina/Pc/compound
INFO: [ app_init ] --START--
INFO: Run Behavior\BuildLiteBehavior [ RunTime:0.000000s ]
INFO: [ app_init ] --END-- [ RunTime:0.000000s ]
INFO: [ app_begin ] --START--
INFO: Run Behavior\ReadHtmlCacheBehavior [ RunTime:0.001000s ]
INFO: [ app_begin ] --END-- [ RunTime:0.001000s ]
INFO: [ view_parse ] --START--
INFO: [ template_filter ] --START--
INFO: Run Behavior\ContentReplaceBehavior [ RunTime:0.001000s ]
INFO: [ template_filter ] --END-- [ RunTime:0.001000s ]
NOTIC: [8] Undefined variable: Think H:\Users\xiebc\Desktop\ruyin20150529\Runtime\Cache\TyRyBottleInChina\1f44eb11f8e53e588bf5bd9fb03ad9be.php 第 253 行.
NOTIC: [8] Use of undefined constant draw - assumed 'draw' H:\Users\xiebc\Desktop\ruyin20150529\Runtime\Cache\TyRyBottleInChina\1f44eb11f8e53e588bf5bd9fb03ad9be.php 第 254 行.
NOTIC: [8] Use of undefined constant uploadpic - assumed 'uploadpic' H:\Users\xiebc\Desktop\ruyin20150529\Runtime\Cache\TyRyBottleInChina\1f44eb11f8e53e588bf5bd9fb03ad9be.php 第 254 行.
NOTIC: [8] Use of undefined constant compound - assumed 'compound' H:\Users\xiebc\Desktop\ruyin20150529\Runtime\Cache\TyRyBottleInChina\1f44eb11f8e53e588bf5bd9fb03ad9be.php 第 254 行.
NOTIC: [8] Undefined variable: Think H:\Users\xiebc\Desktop\ruyin20150529\Runtime\Cache\TyRyBottleInChina\1f44eb11f8e53e588bf5bd9fb03ad9be.php 第 261 行.
INFO: Run Behavior\ParseTemplateBehavior [ RunTime:0.056003s ]
INFO: [ view_parse ] --END-- [ RunTime:0.057003s ]
INFO: [ view_filter ] --START--
INFO: Run Behavior\WriteHtmlCacheBehavior [ RunTime:0.001000s ]
INFO: [ view_filter ] --END-- [ RunTime:0.001000s ]
INFO: [ app_end ] --START--
INFO: Run Behavior\ShowPageTraceBehavior [ RunTime:0.002001s ]
INFO: [ app_end ] --END-- [ RunTime:0.003001s ]

[ 2015-06-02T22:51:51+08:00 ] 127.0.0.1 /TyRyBottleInChina/PcWxApi/qrcode/code/bfYouELHil
INFO: [ app_init ] --START--
INFO: Run Behavior\BuildLiteBehavior [ RunTime:0.000000s ]
INFO: [ app_init ] --END-- [ RunTime:0.000000s ]
INFO: [ app_begin ] --START--
INFO: Run Behavior\ReadHtmlCacheBehavior [ RunTime:0.005000s ]
INFO: [ app_begin ] --END-- [ RunTime:0.005000s ]

[ 2015-06-02T22:53:17+08:00 ] 127.0.0.1 /TyRyBottleInChina/Pc/compound
INFO: [ app_init ] --START--
INFO: Run Behavior\BuildLiteBehavior [ RunTime:0.000000s ]
INFO: [ app_init ] --END-- [ RunTime:0.000000s ]
INFO: [ app_begin ] --START--
INFO: Run Behavior\ReadHtmlCacheBehavior [ RunTime:0.002000s ]
INFO: [ app_begin ] --END-- [ RunTime:0.003000s ]
INFO: [ view_parse ] --START--
INFO: [ template_filter ] --START--
INFO: Run Behavior\ContentReplaceBehavior [ RunTime:0.002000s ]
INFO: [ template_filter ] --END-- [ RunTime:0.002000s ]
NOTIC: [8] Undefined variable: Think H:\Users\xiebc\Desktop\ruyin20150529\Runtime\Cache\TyRyBottleInChina\1f44eb11f8e53e588bf5bd9fb03ad9be.php 第 253 行.
NOTIC: [8] Use of undefined constant draw - assumed 'draw' H:\Users\xiebc\Desktop\ruyin20150529\Runtime\Cache\TyRyBottleInChina\1f44eb11f8e53e588bf5bd9fb03ad9be.php 第 254 行.
NOTIC: [8] Use of undefined constant uploadpic - assumed 'uploadpic' H:\Users\xiebc\Desktop\ruyin20150529\Runtime\Cache\TyRyBottleInChina\1f44eb11f8e53e588bf5bd9fb03ad9be.php 第 254 行.
NOTIC: [8] Use of undefined constant compound - assumed 'compound' H:\Users\xiebc\Desktop\ruyin20150529\Runtime\Cache\TyRyBottleInChina\1f44eb11f8e53e588bf5bd9fb03ad9be.php 第 254 行.
NOTIC: [8] Undefined variable: Think H:\Users\xiebc\Desktop\ruyin20150529\Runtime\Cache\TyRyBottleInChina\1f44eb11f8e53e588bf5bd9fb03ad9be.php 第 261 行.
INFO: Run Behavior\ParseTemplateBehavior [ RunTime:0.070004s ]
INFO: [ view_parse ] --END-- [ RunTime:0.070004s ]
INFO: [ view_filter ] --START--
INFO: Run Behavior\WriteHtmlCacheBehavior [ RunTime:0.002000s ]
INFO: [ view_filter ] --END-- [ RunTime:0.003000s ]
INFO: [ app_end ] --START--
INFO: Run Behavior\ShowPageTraceBehavior [ RunTime:0.004000s ]
INFO: [ app_end ] --END-- [ RunTime:0.004000s ]

[ 2015-06-02T22:53:18+08:00 ] 127.0.0.1 /TyRyBottleInChina/PcWxApi/qrcode/code/AuIN4gahpN
INFO: [ app_init ] --START--
INFO: Run Behavior\BuildLiteBehavior [ RunTime:0.000000s ]
INFO: [ app_init ] --END-- [ RunTime:0.002000s ]
INFO: [ app_begin ] --START--
INFO: Run Behavior\ReadHtmlCacheBehavior [ RunTime:0.002000s ]
INFO: [ app_begin ] --END-- [ RunTime:0.002000s ]

[ 2015-06-02T23:06:08+08:00 ] 127.0.0.1 /TyRyBottleInChina/Pc/compound
INFO: [ app_init ] --START--
INFO: Run Behavior\BuildLiteBehavior [ RunTime:0.000000s ]
INFO: [ app_init ] --END-- [ RunTime:0.000000s ]
INFO: [ app_begin ] --START--
INFO: Run Behavior\ReadHtmlCacheBehavior [ RunTime:0.033002s ]
INFO: [ app_begin ] --END-- [ RunTime:0.034002s ]
INFO: [ view_parse ] --START--
INFO: [ template_filter ] --START--
INFO: Run Behavior\ContentReplaceBehavior [ RunTime:0.001000s ]
INFO: [ template_filter ] --END-- [ RunTime:0.001000s ]
NOTIC: [8] Undefined variable: Think H:\Users\xiebc\Desktop\ruyin20150529\Runtime\Cache\TyRyBottleInChina\1f44eb11f8e53e588bf5bd9fb03ad9be.php 第 253 行.
NOTIC: [8] Use of undefined constant draw - assumed 'draw' H:\Users\xiebc\Desktop\ruyin20150529\Runtime\Cache\TyRyBottleInChina\1f44eb11f8e53e588bf5bd9fb03ad9be.php 第 254 行.
NOTIC: [8] Use of undefined constant uploadpic - assumed 'uploadpic' H:\Users\xiebc\Desktop\ruyin20150529\Runtime\Cache\TyRyBottleInChina\1f44eb11f8e53e588bf5bd9fb03ad9be.php 第 254 行.
NOTIC: [8] Use of undefined constant compound - assumed 'compound' H:\Users\xiebc\Desktop\ruyin20150529\Runtime\Cache\TyRyBottleInChina\1f44eb11f8e53e588bf5bd9fb03ad9be.php 第 254 行.
NOTIC: [8] Undefined variable: Think H:\Users\xiebc\Desktop\ruyin20150529\Runtime\Cache\TyRyBottleInChina\1f44eb11f8e53e588bf5bd9fb03ad9be.php 第 261 行.
INFO: Run Behavior\ParseTemplateBehavior [ RunTime:0.234014s ]
INFO: [ view_parse ] --END-- [ RunTime:0.234014s ]
INFO: [ view_filter ] --START--
INFO: Run Behavior\WriteHtmlCacheBehavior [ RunTime:0.036002s ]
INFO: [ view_filter ] --END-- [ RunTime:0.036002s ]
INFO: [ app_end ] --START--
INFO: Run Behavior\ShowPageTraceBehavior [ RunTime:0.029002s ]
INFO: [ app_end ] --END-- [ RunTime:0.030002s ]

[ 2015-06-02T23:06:10+08:00 ] 127.0.0.1 /TyRyBottleInChina/PcWxApi/qrcode/code/Z7yFVGYZcM
INFO: [ app_init ] --START--
INFO: Run Behavior\BuildLiteBehavior [ RunTime:0.000000s ]
INFO: [ app_init ] --END-- [ RunTime:0.000000s ]
INFO: [ app_begin ] --START--
INFO: Run Behavior\ReadHtmlCacheBehavior [ RunTime:0.003001s ]
INFO: [ app_begin ] --END-- [ RunTime:0.003001s ]

[ 2015-06-02T23:08:20+08:00 ] 127.0.0.1 /TyRyBottleInChina/Pc/compound
INFO: [ app_init ] --START--
INFO: Run Behavior\BuildLiteBehavior [ RunTime:0.000000s ]
INFO: [ app_init ] --END-- [ RunTime:0.001000s ]
INFO: [ app_begin ] --START--
INFO: Run Behavior\ReadHtmlCacheBehavior [ RunTime:0.004001s ]
INFO: [ app_begin ] --END-- [ RunTime:0.004001s ]
INFO: [ view_parse ] --START--
INFO: [ template_filter ] --START--
INFO: Run Behavior\ContentReplaceBehavior [ RunTime:0.001000s ]
INFO: [ template_filter ] --END-- [ RunTime:0.001000s ]
NOTIC: [8] Undefined variable: Think H:\Users\xiebc\Desktop\ruyin20150529\Runtime\Cache\TyRyBottleInChina\1f44eb11f8e53e588bf5bd9fb03ad9be.php 第 253 行.
NOTIC: [8] Use of undefined constant draw - assumed 'draw' H:\Users\xiebc\Desktop\ruyin20150529\Runtime\Cache\TyRyBottleInChina\1f44eb11f8e53e588bf5bd9fb03ad9be.php 第 254 行.
NOTIC: [8] Use of undefined constant uploadpic - assumed 'uploadpic' H:\Users\xiebc\Desktop\ruyin20150529\Runtime\Cache\TyRyBottleInChina\1f44eb11f8e53e588bf5bd9fb03ad9be.php 第 254 行.
NOTIC: [8] Use of undefined constant compound - assumed 'compound' H:\Users\xiebc\Desktop\ruyin20150529\Runtime\Cache\TyRyBottleInChina\1f44eb11f8e53e588bf5bd9fb03ad9be.php 第 254 行.
NOTIC: [8] Undefined variable: Think H:\Users\xiebc\Desktop\ruyin20150529\Runtime\Cache\TyRyBottleInChina\1f44eb11f8e53e588bf5bd9fb03ad9be.php 第 261 行.
INFO: Run Behavior\ParseTemplateBehavior [ RunTime:0.051003s ]
INFO: [ view_parse ] --END-- [ RunTime:0.051003s ]
INFO: [ view_filter ] --START--
INFO: Run Behavior\WriteHtmlCacheBehavior [ RunTime:0.002000s ]
INFO: [ view_filter ] --END-- [ RunTime:0.002000s ]
INFO: [ app_end ] --START--
INFO: Run Behavior\ShowPageTraceBehavior [ RunTime:0.003000s ]
INFO: [ app_end ] --END-- [ RunTime:0.003000s ]

[ 2015-06-02T23:08:21+08:00 ] 127.0.0.1 /TyRyBottleInChina/PcWxApi/qrcode/code/5x53Dmj5p7
INFO: [ app_init ] --START--
INFO: Run Behavior\BuildLiteBehavior [ RunTime:0.000000s ]
INFO: [ app_init ] --END-- [ RunTime:0.000000s ]
INFO: [ app_begin ] --START--
INFO: Run Behavior\ReadHtmlCacheBehavior [ RunTime:0.189011s ]
INFO: [ app_begin ] --END-- [ RunTime:0.189011s ]

[ 2015-06-02T23:09:17+08:00 ] 127.0.0.1 /TyRyBottleInChina/Pc/compound
INFO: [ app_init ] --START--
INFO: Run Behavior\BuildLiteBehavior [ RunTime:0.000000s ]
INFO: [ app_init ] --END-- [ RunTime:0.000000s ]
INFO: [ app_begin ] --START--
INFO: Run Behavior\ReadHtmlCacheBehavior [ RunTime:0.002000s ]
INFO: [ app_begin ] --END-- [ RunTime:0.002000s ]
INFO: [ view_parse ] --START--
INFO: [ template_filter ] --START--
INFO: Run Behavior\ContentReplaceBehavior [ RunTime:0.001000s ]
INFO: [ template_filter ] --END-- [ RunTime:0.001000s ]
NOTIC: [8] Undefined variable: Think H:\Users\xiebc\Desktop\ruyin20150529\Runtime\Cache\TyRyBottleInChina\1f44eb11f8e53e588bf5bd9fb03ad9be.php 第 253 行.
NOTIC: [8] Use of undefined constant draw - assumed 'draw' H:\Users\xiebc\Desktop\ruyin20150529\Runtime\Cache\TyRyBottleInChina\1f44eb11f8e53e588bf5bd9fb03ad9be.php 第 254 行.
NOTIC: [8] Use of undefined constant uploadpic - assumed 'uploadpic' H:\Users\xiebc\Desktop\ruyin20150529\Runtime\Cache\TyRyBottleInChina\1f44eb11f8e53e588bf5bd9fb03ad9be.php 第 254 行.
NOTIC: [8] Use of undefined constant compound - assumed 'compound' H:\Users\xiebc\Desktop\ruyin20150529\Runtime\Cache\TyRyBottleInChina\1f44eb11f8e53e588bf5bd9fb03ad9be.php 第 254 行.
NOTIC: [8] Undefined variable: Think H:\Users\xiebc\Desktop\ruyin20150529\Runtime\Cache\TyRyBottleInChina\1f44eb11f8e53e588bf5bd9fb03ad9be.php 第 261 行.
INFO: Run Behavior\ParseTemplateBehavior [ RunTime:0.060004s ]
INFO: [ view_parse ] --END-- [ RunTime:0.061004s ]
INFO: [ view_filter ] --START--
INFO: Run Behavior\WriteHtmlCacheBehavior [ RunTime:0.002000s ]
INFO: [ view_filter ] --END-- [ RunTime:0.002000s ]
INFO: [ app_end ] --START--
INFO: Run Behavior\ShowPageTraceBehavior [ RunTime:0.011000s ]
INFO: [ app_end ] --END-- [ RunTime:0.011000s ]

[ 2015-06-02T23:09:18+08:00 ] 127.0.0.1 /TyRyBottleInChina/PcWxApi/qrcode/code/oHE75DrgHR
INFO: [ app_init ] --START--
INFO: Run Behavior\BuildLiteBehavior [ RunTime:0.000000s ]
INFO: [ app_init ] --END-- [ RunTime:0.000000s ]
INFO: [ app_begin ] --START--
INFO: Run Behavior\ReadHtmlCacheBehavior [ RunTime:0.002000s ]
INFO: [ app_begin ] --END-- [ RunTime:0.002000s ]

[ 2015-06-02T23:13:09+08:00 ] 127.0.0.1 /TyRyBottleInChina/Pc/compound
INFO: [ app_init ] --START--
INFO: Run Behavior\BuildLiteBehavior [ RunTime:0.000000s ]
INFO: [ app_init ] --END-- [ RunTime:0.000000s ]
INFO: [ app_begin ] --START--
INFO: Run Behavior\ReadHtmlCacheBehavior [ RunTime:0.003000s ]
INFO: [ app_begin ] --END-- [ RunTime:0.003000s ]
INFO: [ view_parse ] --START--
INFO: [ template_filter ] --START--
INFO: Run Behavior\ContentReplaceBehavior [ RunTime:0.001000s ]
INFO: [ template_filter ] --END-- [ RunTime:0.001000s ]
NOTIC: [8] Undefined variable: Think H:\Users\xiebc\Desktop\ruyin20150529\Runtime\Cache\TyRyBottleInChina\1f44eb11f8e53e588bf5bd9fb03ad9be.php 第 253 行.
NOTIC: [8] Use of undefined constant draw - assumed 'draw' H:\Users\xiebc\Desktop\ruyin20150529\Runtime\Cache\TyRyBottleInChina\1f44eb11f8e53e588bf5bd9fb03ad9be.php 第 254 行.
NOTIC: [8] Use of undefined constant uploadpic - assumed 'uploadpic' H:\Users\xiebc\Desktop\ruyin20150529\Runtime\Cache\TyRyBottleInChina\1f44eb11f8e53e588bf5bd9fb03ad9be.php 第 254 行.
NOTIC: [8] Use of undefined constant compound - assumed 'compound' H:\Users\xiebc\Desktop\ruyin20150529\Runtime\Cache\TyRyBottleInChina\1f44eb11f8e53e588bf5bd9fb03ad9be.php 第 254 行.
NOTIC: [8] Undefined variable: Think H:\Users\xiebc\Desktop\ruyin20150529\Runtime\Cache\TyRyBottleInChina\1f44eb11f8e53e588bf5bd9fb03ad9be.php 第 261 行.
INFO: Run Behavior\ParseTemplateBehavior [ RunTime:0.056003s ]
INFO: [ view_parse ] --END-- [ RunTime:0.056003s ]
INFO: [ view_filter ] --START--
INFO: Run Behavior\WriteHtmlCacheBehavior [ RunTime:0.003001s ]
INFO: [ view_filter ] --END-- [ RunTime:0.003001s ]
INFO: [ app_end ] --START--
INFO: Run Behavior\ShowPageTraceBehavior [ RunTime:0.002000s ]
INFO: [ app_end ] --END-- [ RunTime:0.002000s ]

[ 2015-06-02T23:13:10+08:00 ] 127.0.0.1 /TyRyBottleInChina/PcWxApi/qrcode/code/Fw59BtTi6w
INFO: [ app_init ] --START--
INFO: Run Behavior\BuildLiteBehavior [ RunTime:0.000000s ]
INFO: [ app_init ] --END-- [ RunTime:0.002000s ]
INFO: [ app_begin ] --START--
INFO: Run Behavior\ReadHtmlCacheBehavior [ RunTime:0.002000s ]
INFO: [ app_begin ] --END-- [ RunTime:0.002000s ]

